# zsim stats
===
root: # Stats
 contention: # Contention simulation stats
  domain-0: # Domain stats
   time: 2835059149 # Weave simulation time
 time: # Simulator time breakdown
  init: 31142286432
  bound: 12023616642
  weave: 3064363098
  ff: 8659835
 trigger: 20000 # Reason for this stats dump
 phase: 9345 # Simulated phases
 westmere: # Core stats
  westmere-0: # Core stats
   cycles: 91789393 # Simulated unhalted cycles
   cCycles: 15264287 # Cycles due to contention stalls
   instrs: 36060697 # Simulated instructions
   uops: 45555629 # Retired micro-ops
   bbls: 3475046 # Basic blocks
   approxInstrs: 2620997 # Instrs with approx uop decoding
   mispredBranches: 142528 # Mispredicted branches
   condBranches: 2218510 # conditional branches
  westmere-1: # Core stats
   cycles: 91827384 # Simulated unhalted cycles
   cCycles: 15331299 # Cycles due to contention stalls
   instrs: 35968111 # Simulated instructions
   uops: 45438152 # Retired micro-ops
   bbls: 3466651 # Basic blocks
   approxInstrs: 2614393 # Instrs with approx uop decoding
   mispredBranches: 141492 # Mispredicted branches
   condBranches: 2212573 # conditional branches
  westmere-2: # Core stats
   cycles: 91252942 # Simulated unhalted cycles
   cCycles: 15201704 # Cycles due to contention stalls
   instrs: 35833260 # Simulated instructions
   uops: 45276559 # Retired micro-ops
   bbls: 3456996 # Basic blocks
   approxInstrs: 2601819 # Instrs with approx uop decoding
   mispredBranches: 142120 # Mispredicted branches
   condBranches: 2205235 # conditional branches
  westmere-3: # Core stats
   cycles: 91548190 # Simulated unhalted cycles
   cCycles: 15262368 # Cycles due to contention stalls
   instrs: 35959123 # Simulated instructions
   uops: 45420634 # Retired micro-ops
   bbls: 3464530 # Basic blocks
   approxInstrs: 2611280 # Instrs with approx uop decoding
   mispredBranches: 141553 # Mispredicted branches
   condBranches: 2210454 # conditional branches
  westmere-4: # Core stats
   cycles: 91812631 # Simulated unhalted cycles
   cCycles: 15301109 # Cycles due to contention stalls
   instrs: 36036308 # Simulated instructions
   uops: 45531383 # Retired micro-ops
   bbls: 3471170 # Basic blocks
   approxInstrs: 2620628 # Instrs with approx uop decoding
   mispredBranches: 142675 # Mispredicted branches
   condBranches: 2215610 # conditional branches
  westmere-5: # Core stats
   cycles: 92226963 # Simulated unhalted cycles
   cCycles: 15351197 # Cycles due to contention stalls
   instrs: 36174386 # Simulated instructions
   uops: 45703959 # Retired micro-ops
   bbls: 3477896 # Basic blocks
   approxInstrs: 2636451 # Instrs with approx uop decoding
   mispredBranches: 141722 # Mispredicted branches
   condBranches: 2220350 # conditional branches
  westmere-6: # Core stats
   cycles: 91688825 # Simulated unhalted cycles
   cCycles: 15274267 # Cycles due to contention stalls
   instrs: 36001643 # Simulated instructions
   uops: 45479658 # Retired micro-ops
   bbls: 3470934 # Basic blocks
   approxInstrs: 2615013 # Instrs with approx uop decoding
   mispredBranches: 142207 # Mispredicted branches
   condBranches: 2215861 # conditional branches
  westmere-7: # Core stats
   cycles: 91545662 # Simulated unhalted cycles
   cCycles: 15277097 # Cycles due to contention stalls
   instrs: 35928980 # Simulated instructions
   uops: 45387393 # Retired micro-ops
   bbls: 3463283 # Basic blocks
   approxInstrs: 2609250 # Instrs with approx uop decoding
   mispredBranches: 142037 # Mispredicted branches
   condBranches: 2209698 # conditional branches
 l1i: # Cache stats
  l1i-0: # Filter cache stats
   fhGETS: 5043862 # Filtered GETS hits
   fhGETX: 0 # Filtered GETX hits
   hGETS: 54114 # GETS hits
   hGETX: 0 # GETX hits
   mGETS: 545 # GETS misses
   mGETXIM: 0 # GETX I->M misses
   mGETXSM: 0 # GETX S->M misses (upgrade misses)
   PUTS: 0 # Clean evictions (from lower level)
   PUTX: 0 # Dirty evictions (from lower level)
   INV: 7 # Invalidates (from upper level)
   INVX: 0 # Downgrades (from upper level)
   FWD: 0 # Forwards (from upper level)
   latGETnl: 31526 # GET request latency on next level
   latGETnet: 0 # GET request latency on network to next level
  l1i-1: # Filter cache stats
   fhGETS: 5028799 # Filtered GETS hits
   fhGETX: 0 # Filtered GETX hits
   hGETS: 53139 # GETS hits
   hGETX: 0 # GETX hits
   mGETS: 564 # GETS misses
   mGETXIM: 0 # GETX I->M misses
   mGETXSM: 0 # GETX S->M misses (upgrade misses)
   PUTS: 0 # Clean evictions (from lower level)
   PUTX: 0 # Dirty evictions (from lower level)
   INV: 7 # Invalidates (from upper level)
   INVX: 0 # Downgrades (from upper level)
   FWD: 0 # Forwards (from upper level)
   latGETnl: 42216 # GET request latency on next level
   latGETnet: 0 # GET request latency on network to next level
  l1i-2: # Filter cache stats
   fhGETS: 5018563 # Filtered GETS hits
   fhGETX: 0 # Filtered GETX hits
   hGETS: 53054 # GETS hits
   hGETX: 0 # GETX hits
   mGETS: 472 # GETS misses
   mGETXIM: 0 # GETX I->M misses
   mGETXSM: 0 # GETX S->M misses (upgrade misses)
   PUTS: 0 # Clean evictions (from lower level)
   PUTX: 0 # Dirty evictions (from lower level)
   INV: 9 # Invalidates (from upper level)
   INVX: 0 # Downgrades (from upper level)
   FWD: 0 # Forwards (from upper level)
   latGETnl: 17821 # GET request latency on next level
   latGETnet: 0 # GET request latency on network to next level
  l1i-3: # Filter cache stats
   fhGETS: 5028875 # Filtered GETS hits
   fhGETX: 0 # Filtered GETX hits
   hGETS: 52903 # GETS hits
   hGETX: 0 # GETX hits
   mGETS: 323 # GETS misses
   mGETXIM: 0 # GETX I->M misses
   mGETXSM: 0 # GETX S->M misses (upgrade misses)
   PUTS: 0 # Clean evictions (from lower level)
   PUTX: 0 # Dirty evictions (from lower level)
   INV: 7 # Invalidates (from upper level)
   INVX: 0 # Downgrades (from upper level)
   FWD: 0 # Forwards (from upper level)
   latGETnl: 16022 # GET request latency on next level
   latGETnet: 0 # GET request latency on network to next level
  l1i-4: # Filter cache stats
   fhGETS: 5041123 # Filtered GETS hits
   fhGETX: 0 # Filtered GETX hits
   hGETS: 53313 # GETS hits
   hGETX: 0 # GETX hits
   mGETS: 458 # GETS misses
   mGETXIM: 0 # GETX I->M misses
   mGETXSM: 0 # GETX S->M misses (upgrade misses)
   PUTS: 0 # Clean evictions (from lower level)
   PUTX: 0 # Dirty evictions (from lower level)
   INV: 7 # Invalidates (from upper level)
   INVX: 0 # Downgrades (from upper level)
   FWD: 0 # Forwards (from upper level)
   latGETnl: 28145 # GET request latency on next level
   latGETnet: 0 # GET request latency on network to next level
  l1i-5: # Filter cache stats
   fhGETS: 5049089 # Filtered GETS hits
   fhGETX: 0 # Filtered GETX hits
   hGETS: 52773 # GETS hits
   hGETX: 0 # GETX hits
   mGETS: 313 # GETS misses
   mGETXIM: 0 # GETX I->M misses
   mGETXSM: 0 # GETX S->M misses (upgrade misses)
   PUTS: 0 # Clean evictions (from lower level)
   PUTX: 0 # Dirty evictions (from lower level)
   INV: 8 # Invalidates (from upper level)
   INVX: 0 # Downgrades (from upper level)
   FWD: 0 # Forwards (from upper level)
   latGETnl: 12235 # GET request latency on next level
   latGETnet: 0 # GET request latency on network to next level
  l1i-6: # Filter cache stats
   fhGETS: 5036948 # Filtered GETS hits
   fhGETX: 0 # Filtered GETX hits
   hGETS: 53597 # GETS hits
   hGETX: 0 # GETX hits
   mGETS: 469 # GETS misses
   mGETXIM: 0 # GETX I->M misses
   mGETXSM: 0 # GETX S->M misses (upgrade misses)
   PUTS: 0 # Clean evictions (from lower level)
   PUTX: 0 # Dirty evictions (from lower level)
   INV: 13 # Invalidates (from upper level)
   INVX: 0 # Downgrades (from upper level)
   FWD: 0 # Forwards (from upper level)
   latGETnl: 20446 # GET request latency on next level
   latGETnet: 0 # GET request latency on network to next level
  l1i-7: # Filter cache stats
   fhGETS: 5028360 # Filtered GETS hits
   fhGETX: 0 # Filtered GETX hits
   hGETS: 53101 # GETS hits
   hGETX: 0 # GETX hits
   mGETS: 322 # GETS misses
   mGETXIM: 0 # GETX I->M misses
   mGETXSM: 0 # GETX S->M misses (upgrade misses)
   PUTS: 0 # Clean evictions (from lower level)
   PUTX: 0 # Dirty evictions (from lower level)
   INV: 6 # Invalidates (from upper level)
   INVX: 0 # Downgrades (from upper level)
   FWD: 0 # Forwards (from upper level)
   latGETnl: 11281 # GET request latency on next level
   latGETnet: 0 # GET request latency on network to next level
 l1d: # Cache stats
  l1d-0: # Filter cache stats
   fhGETS: 7677446 # Filtered GETS hits
   fhGETX: 1757476 # Filtered GETX hits
   hGETS: 1057447 # GETS hits
   hGETX: 606293 # GETX hits
   mGETS: 795361 # GETS misses
   mGETXIM: 239 # GETX I->M misses
   mGETXSM: 9636 # GETX S->M misses (upgrade misses)
   PUTS: 0 # Clean evictions (from lower level)
   PUTX: 0 # Dirty evictions (from lower level)
   INV: 1465 # Invalidates (from upper level)
   INVX: 7532 # Downgrades (from upper level)
   FWD: 0 # Forwards (from upper level)
   latGETnl: 57059428 # GET request latency on next level
   latGETnet: 0 # GET request latency on network to next level
  l1d-1: # Filter cache stats
   fhGETS: 7653225 # Filtered GETS hits
   fhGETX: 1753314 # Filtered GETX hits
   hGETS: 1060369 # GETS hits
   hGETX: 604879 # GETX hits
   mGETS: 794730 # GETS misses
   mGETXIM: 143 # GETX I->M misses
   mGETXSM: 9366 # GETX S->M misses (upgrade misses)
   PUTS: 0 # Clean evictions (from lower level)
   PUTX: 0 # Dirty evictions (from lower level)
   INV: 1352 # Invalidates (from upper level)
   INVX: 7538 # Downgrades (from upper level)
   FWD: 0 # Forwards (from upper level)
   latGETnl: 57108263 # GET request latency on next level
   latGETnet: 0 # GET request latency on network to next level
  l1d-2: # Filter cache stats
   fhGETS: 7631501 # Filtered GETS hits
   fhGETX: 1753470 # Filtered GETX hits
   hGETS: 1049544 # GETS hits
   hGETX: 601637 # GETX hits
   mGETS: 790435 # GETS misses
   mGETXIM: 140 # GETX I->M misses
   mGETXSM: 9325 # GETX S->M misses (upgrade misses)
   PUTS: 0 # Clean evictions (from lower level)
   PUTX: 0 # Dirty evictions (from lower level)
   INV: 1344 # Invalidates (from upper level)
   INVX: 7397 # Downgrades (from upper level)
   FWD: 0 # Forwards (from upper level)
   latGETnl: 56668662 # GET request latency on next level
   latGETnet: 0 # GET request latency on network to next level
  l1d-3: # Filter cache stats
   fhGETS: 7649591 # Filtered GETS hits
   fhGETX: 1755393 # Filtered GETX hits
   hGETS: 1059509 # GETS hits
   hGETX: 604150 # GETX hits
   mGETS: 793251 # GETS misses
   mGETXIM: 92 # GETX I->M misses
   mGETXSM: 9269 # GETX S->M misses (upgrade misses)
   PUTS: 0 # Clean evictions (from lower level)
   PUTX: 0 # Dirty evictions (from lower level)
   INV: 1393 # Invalidates (from upper level)
   INVX: 7422 # Downgrades (from upper level)
   FWD: 0 # Forwards (from upper level)
   latGETnl: 56875023 # GET request latency on next level
   latGETnet: 0 # GET request latency on network to next level
  l1d-4: # Filter cache stats
   fhGETS: 7677374 # Filtered GETS hits
   fhGETX: 1755556 # Filtered GETX hits
   hGETS: 1054089 # GETS hits
   hGETX: 605243 # GETX hits
   mGETS: 795678 # GETS misses
   mGETXIM: 130 # GETX I->M misses
   mGETXSM: 9732 # GETX S->M misses (upgrade misses)
   PUTS: 0 # Clean evictions (from lower level)
   PUTX: 0 # Dirty evictions (from lower level)
   INV: 1336 # Invalidates (from upper level)
   INVX: 7516 # Downgrades (from upper level)
   FWD: 0 # Forwards (from upper level)
   latGETnl: 57022041 # GET request latency on next level
   latGETnet: 0 # GET request latency on network to next level
  l1d-5: # Filter cache stats
   fhGETS: 7706439 # Filtered GETS hits
   fhGETX: 1753181 # Filtered GETX hits
   hGETS: 1062332 # GETS hits
   hGETX: 609560 # GETX hits
   mGETS: 800477 # GETS misses
   mGETXIM: 93 # GETX I->M misses
   mGETXSM: 9422 # GETX S->M misses (upgrade misses)
   PUTS: 0 # Clean evictions (from lower level)
   PUTX: 0 # Dirty evictions (from lower level)
   INV: 1324 # Invalidates (from upper level)
   INVX: 7378 # Downgrades (from upper level)
   FWD: 0 # Forwards (from upper level)
   latGETnl: 57341159 # GET request latency on next level
   latGETnet: 0 # GET request latency on network to next level
  l1d-6: # Filter cache stats
   fhGETS: 7663177 # Filtered GETS hits
   fhGETX: 1756224 # Filtered GETX hits
   hGETS: 1056483 # GETS hits
   hGETX: 605003 # GETX hits
   mGETS: 794047 # GETS misses
   mGETXIM: 167 # GETX I->M misses
   mGETXSM: 9387 # GETX S->M misses (upgrade misses)
   PUTS: 0 # Clean evictions (from lower level)
   PUTX: 0 # Dirty evictions (from lower level)
   INV: 1356 # Invalidates (from upper level)
   INVX: 7503 # Downgrades (from upper level)
   FWD: 0 # Forwards (from upper level)
   latGETnl: 56993058 # GET request latency on next level
   latGETnet: 0 # GET request latency on network to next level
  l1d-7: # Filter cache stats
   fhGETS: 7645573 # Filtered GETS hits
   fhGETX: 1756065 # Filtered GETX hits
   hGETS: 1055870 # GETS hits
   hGETX: 602735 # GETX hits
   mGETS: 792445 # GETS misses
   mGETXIM: 94 # GETX I->M misses
   mGETXSM: 9388 # GETX S->M misses (upgrade misses)
   PUTS: 0 # Clean evictions (from lower level)
   PUTX: 0 # Dirty evictions (from lower level)
   INV: 1370 # Invalidates (from upper level)
   INVX: 7383 # Downgrades (from upper level)
   FWD: 0 # Forwards (from upper level)
   latGETnl: 56856834 # GET request latency on next level
   latGETnet: 0 # GET request latency on network to next level
 l2: # Cache stats
  l2-0: # Cache stats
   hGETS: 43643 # GETS hits
   hGETX: 23 # GETX hits
   mGETS: 752263 # GETS misses
   mGETXIM: 216 # GETX I->M misses
   mGETXSM: 9636 # GETX S->M misses (upgrade misses)
   PUTS: 456853 # Clean evictions (from lower level)
   PUTX: 336861 # Dirty evictions (from lower level)
   INV: 9458 # Invalidates (from upper level)
   INVX: 51713 # Downgrades (from upper level)
   FWD: 0 # Forwards (from upper level)
   latGETnl: 51450487 # GET request latency on next level
   latGETnet: 0 # GET request latency on network to next level
  l2-1: # Cache stats
   hGETS: 44389 # GETS hits
   hGETX: 35 # GETX hits
   mGETS: 750905 # GETS misses
   mGETXIM: 108 # GETX I->M misses
   mGETXSM: 9366 # GETX S->M misses (upgrade misses)
   PUTS: 456995 # Clean evictions (from lower level)
   PUTX: 336108 # Dirty evictions (from lower level)
   INV: 9371 # Invalidates (from upper level)
   INVX: 52105 # Downgrades (from upper level)
   FWD: 0 # Forwards (from upper level)
   latGETnl: 51516858 # GET request latency on next level
   latGETnet: 0 # GET request latency on network to next level
  l2-2: # Cache stats
   hGETS: 44225 # GETS hits
   hGETX: 32 # GETX hits
   mGETS: 746682 # GETS misses
   mGETXIM: 108 # GETX I->M misses
   mGETXSM: 9325 # GETX S->M misses (upgrade misses)
   PUTS: 454365 # Clean evictions (from lower level)
   PUTX: 334399 # Dirty evictions (from lower level)
   INV: 9340 # Invalidates (from upper level)
   INVX: 52088 # Downgrades (from upper level)
   FWD: 0 # Forwards (from upper level)
   latGETnl: 51083879 # GET request latency on next level
   latGETnet: 0 # GET request latency on network to next level
  l2-3: # Cache stats
   hGETS: 45018 # GETS hits
   hGETX: 29 # GETX hits
   mGETS: 748556 # GETS misses
   mGETXIM: 63 # GETX I->M misses
   mGETXSM: 9269 # GETX S->M misses (upgrade misses)
   PUTS: 455854 # Clean evictions (from lower level)
   PUTX: 335600 # Dirty evictions (from lower level)
   INV: 9565 # Invalidates (from upper level)
   INVX: 53116 # Downgrades (from upper level)
   FWD: 0 # Forwards (from upper level)
   latGETnl: 51270500 # GET request latency on next level
   latGETnet: 0 # GET request latency on network to next level
  l2-4: # Cache stats
   hGETS: 44365 # GETS hits
   hGETX: 31 # GETX hits
   mGETS: 751771 # GETS misses
   mGETXIM: 99 # GETX I->M misses
   mGETXSM: 9732 # GETX S->M misses (upgrade misses)
   PUTS: 457215 # Clean evictions (from lower level)
   PUTX: 336782 # Dirty evictions (from lower level)
   INV: 9452 # Invalidates (from upper level)
   INVX: 52391 # Downgrades (from upper level)
   FWD: 0 # Forwards (from upper level)
   latGETnl: 51408200 # GET request latency on next level
   latGETnet: 0 # GET request latency on network to next level
  l2-5: # Cache stats
   hGETS: 45130 # GETS hits
   hGETX: 30 # GETX hits
   mGETS: 755660 # GETS misses
   mGETXIM: 63 # GETX I->M misses
   mGETXSM: 9422 # GETX S->M misses (upgrade misses)
   PUTS: 459919 # Clean evictions (from lower level)
   PUTX: 338830 # Dirty evictions (from lower level)
   INV: 9433 # Invalidates (from upper level)
   INVX: 52970 # Downgrades (from upper level)
   FWD: 0 # Forwards (from upper level)
   latGETnl: 51681259 # GET request latency on next level
   latGETnet: 0 # GET request latency on network to next level
  l2-6: # Cache stats
   hGETS: 44177 # GETS hits
   hGETX: 32 # GETX hits
   mGETS: 750339 # GETS misses
   mGETXIM: 136 # GETX I->M misses
   mGETXSM: 9386 # GETX S->M misses (upgrade misses)
   PUTS: 456255 # Clean evictions (from lower level)
   PUTX: 336137 # Dirty evictions (from lower level)
   INV: 9282 # Invalidates (from upper level)
   INVX: 52099 # Downgrades (from upper level)
   FWD: 0 # Forwards (from upper level)
   latGETnl: 51385014 # GET request latency on next level
   latGETnet: 0 # GET request latency on network to next level
  l2-7: # Cache stats
   hGETS: 44888 # GETS hits
   hGETX: 28 # GETX hits
   mGETS: 747879 # GETS misses
   mGETXIM: 66 # GETX I->M misses
   mGETXSM: 9388 # GETX S->M misses (upgrade misses)
   PUTS: 455285 # Clean evictions (from lower level)
   PUTX: 335387 # Dirty evictions (from lower level)
   INV: 9783 # Invalidates (from upper level)
   INVX: 53302 # Downgrades (from upper level)
   FWD: 0 # Forwards (from upper level)
   latGETnl: 51252372 # GET request latency on next level
   latGETnet: 0 # GET request latency on network to next level
 l3: # Cache stats
  l3-0b0: # Cache stats
   hGETS: 411563 # GETS hits
   hGETX: 9396 # GETX hits
   mGETS: 338270 # GETS misses
   mGETXIM: 87 # GETX I->M misses
   mGETXSM: 0 # GETX S->M misses (upgrade misses)
   PUTS: 418388 # Clean evictions (from lower level)
   PUTX: 318116 # Dirty evictions (from lower level)
   INV: 0 # Invalidates (from upper level)
   INVX: 0 # Downgrades (from upper level)
   FWD: 0 # Forwards (from upper level)
   latGETnl: 30452130 # GET request latency on next level
   latGETnet: 0 # GET request latency on network to next level
  l3-0b1: # Cache stats
   hGETS: 416382 # GETS hits
   hGETX: 9449 # GETX hits
   mGETS: 337657 # GETS misses
   mGETXIM: 81 # GETX I->M misses
   mGETXSM: 0 # GETX S->M misses (upgrade misses)
   PUTS: 422310 # Clean evictions (from lower level)
   PUTX: 318194 # Dirty evictions (from lower level)
   INV: 0 # Invalidates (from upper level)
   INVX: 0 # Downgrades (from upper level)
   FWD: 0 # Forwards (from upper level)
   latGETnl: 30396420 # GET request latency on next level
   latGETnet: 0 # GET request latency on network to next level
  l3-0b2: # Cache stats
   hGETS: 411852 # GETS hits
   hGETX: 9305 # GETX hits
   mGETS: 338452 # GETS misses
   mGETXIM: 79 # GETX I->M misses
   mGETXSM: 0 # GETX S->M misses (upgrade misses)
   PUTS: 419680 # Clean evictions (from lower level)
   PUTX: 317409 # Dirty evictions (from lower level)
   INV: 0 # Invalidates (from upper level)
   INVX: 0 # Downgrades (from upper level)
   FWD: 0 # Forwards (from upper level)
   latGETnl: 30467790 # GET request latency on next level
   latGETnet: 0 # GET request latency on network to next level
  l3-0b3: # Cache stats
   hGETS: 412261 # GETS hits
   hGETX: 9405 # GETX hits
   mGETS: 338662 # GETS misses
   mGETXIM: 96 # GETX I->M misses
   mGETXSM: 0 # GETX S->M misses (upgrade misses)
   PUTS: 419584 # Clean evictions (from lower level)
   PUTX: 317977 # Dirty evictions (from lower level)
   INV: 0 # Invalidates (from upper level)
   INVX: 0 # Downgrades (from upper level)
   FWD: 0 # Forwards (from upper level)
   latGETnl: 30488220 # GET request latency on next level
   latGETnet: 0 # GET request latency on network to next level
  l3-0b4: # Cache stats
   hGETS: 411762 # GETS hits
   hGETX: 9644 # GETX hits
   mGETS: 337559 # GETS misses
   mGETXIM: 96 # GETX I->M misses
   mGETXSM: 0 # GETX S->M misses (upgrade misses)
   PUTS: 417780 # Clean evictions (from lower level)
   PUTX: 317966 # Dirty evictions (from lower level)
   INV: 0 # Invalidates (from upper level)
   INVX: 0 # Downgrades (from upper level)
   FWD: 0 # Forwards (from upper level)
   latGETnl: 30388950 # GET request latency on next level
   latGETnet: 0 # GET request latency on network to next level
  l3-0b5: # Cache stats
   hGETS: 412821 # GETS hits
   hGETX: 9270 # GETX hits
   mGETS: 336417 # GETS misses
   mGETXIM: 95 # GETX I->M misses
   mGETXSM: 0 # GETX S->M misses (upgrade misses)
   PUTS: 418605 # Clean evictions (from lower level)
   PUTX: 317368 # Dirty evictions (from lower level)
   INV: 0 # Invalidates (from upper level)
   INVX: 0 # Downgrades (from upper level)
   FWD: 0 # Forwards (from upper level)
   latGETnl: 30286080 # GET request latency on next level
   latGETnet: 0 # GET request latency on network to next level
  l3-0b6: # Cache stats
   hGETS: 413362 # GETS hits
   hGETX: 9975 # GETX hits
   mGETS: 336721 # GETS misses
   mGETXIM: 108 # GETX I->M misses
   mGETXSM: 0 # GETX S->M misses (upgrade misses)
   PUTS: 419942 # Clean evictions (from lower level)
   PUTX: 316178 # Dirty evictions (from lower level)
   INV: 0 # Invalidates (from upper level)
   INVX: 0 # Downgrades (from upper level)
   FWD: 0 # Forwards (from upper level)
   latGETnl: 30314610 # GET request latency on next level
   latGETnet: 0 # GET request latency on network to next level
  l3-0b7: # Cache stats
   hGETS: 413383 # GETS hits
   hGETX: 9198 # GETX hits
   mGETS: 336931 # GETS misses
   mGETXIM: 99 # GETX I->M misses
   mGETXSM: 0 # GETX S->M misses (upgrade misses)
   PUTS: 420173 # Clean evictions (from lower level)
   PUTX: 316910 # Dirty evictions (from lower level)
   INV: 0 # Invalidates (from upper level)
   INVX: 0 # Downgrades (from upper level)
   FWD: 0 # Forwards (from upper level)
   latGETnl: 30332700 # GET request latency on next level
   latGETnet: 0 # GET request latency on network to next level
 mem: # Memory controller stats
  mem-0: # Memory controller stats
   rd: 675079 # Read requests
   wr: 386274 # Write requests
   rdlat: 93896335 # Total latency experienced by read requests
   wrlat: 60919826 # Total latency experienced by write requests
   rdhits: 828 # Read row hits
   wrhits: 809 # Write row hits
   mlh: # latency histogram for memory requests
    0: 0
    1: 0
    2: 0
    3: 0
    4: 0
    5: 0
    6: 0
    7: 0
    8: 0
    9: 0
    10: 0
    11: 147
    12: 177
    13: 554051
    14: 49629
    15: 29052
    16: 14788
    17: 2943
    18: 2365
    19: 2398
    20: 2255
    21: 2236
    22: 1964
    23: 2165
    24: 2280
    25: 1064
    26: 277
    27: 272
    28: 319
    29: 301
    30: 346
    31: 365
    32: 424
    33: 406
    34: 410
    35: 409
    36: 459
    37: 398
    38: 343
    39: 438
    40: 427
    41: 467
    42: 429
    43: 288
    44: 198
    45: 159
    46: 150
    47: 132
    48: 72
    49: 20
    50: 13
    51: 9
    52: 11
    53: 7
    54: 4
    55: 2
    56: 3
    57: 1
    58: 4
    59: 1
    60: 0
    61: 0
    62: 0
    63: 0
    64: 0
    65: 0
    66: 0
    67: 1
    68: 0
    69: 0
    70: 0
    71: 0
    72: 0
    73: 0
    74: 0
    75: 0
    76: 0
    77: 0
    78: 0
    79: 0
    80: 0
    81: 0
    82: 0
    83: 0
    84: 0
    85: 0
    86: 0
    87: 0
    88: 0
    89: 0
    90: 0
    91: 0
    92: 0
    93: 0
    94: 0
    95: 0
    96: 0
    97: 0
    98: 0
    99: 0
  mem-1: # Memory controller stats
   rd: 676036 # Read requests
   wr: 387068 # Write requests
   rdlat: 94007761 # Total latency experienced by read requests
   wrlat: 61087722 # Total latency experienced by write requests
   rdhits: 833 # Read row hits
   wrhits: 850 # Write row hits
   mlh: # latency histogram for memory requests
    0: 0
    1: 0
    2: 0
    3: 0
    4: 0
    5: 0
    6: 0
    7: 0
    8: 0
    9: 0
    10: 0
    11: 185
    12: 174
    13: 554706
    14: 49673
    15: 29429
    16: 14841
    17: 2864
    18: 2335
    19: 2311
    20: 2234
    21: 2239
    22: 2073
    23: 2122
    24: 2218
    25: 1123
    26: 263
    27: 290
    28: 337
    29: 335
    30: 355
    31: 349
    32: 402
    33: 396
    34: 384
    35: 413
    36: 448
    37: 416
    38: 366
    39: 390
    40: 400
    41: 422
    42: 449
    43: 305
    44: 195
    45: 172
    46: 150
    47: 127
    48: 72
    49: 18
    50: 9
    51: 11
    52: 8
    53: 7
    54: 7
    55: 3
    56: 4
    57: 3
    58: 1
    59: 0
    60: 1
    61: 0
    62: 0
    63: 0
    64: 0
    65: 0
    66: 1
    67: 0
    68: 0
    69: 0
    70: 0
    71: 0
    72: 0
    73: 0
    74: 0
    75: 0
    76: 0
    77: 0
    78: 0
    79: 0
    80: 0
    81: 0
    82: 0
    83: 0
    84: 0
    85: 0
    86: 0
    87: 0
    88: 0
    89: 0
    90: 0
    91: 0
    92: 0
    93: 0
    94: 0
    95: 0
    96: 0
    97: 0
    98: 0
    99: 0
  mem-2: # Memory controller stats
   rd: 675515 # Read requests
   wr: 387126 # Write requests
   rdlat: 94021083 # Total latency experienced by read requests
   wrlat: 61093475 # Total latency experienced by write requests
   rdhits: 838 # Read row hits
   wrhits: 856 # Write row hits
   mlh: # latency histogram for memory requests
    0: 0
    1: 0
    2: 0
    3: 0
    4: 0
    5: 0
    6: 0
    7: 0
    8: 0
    9: 0
    10: 0
    11: 184
    12: 156
    13: 553473
    14: 50006
    15: 29125
    16: 15016
    17: 2889
    18: 2348
    19: 2399
    20: 2333
    21: 2208
    22: 2009
    23: 2162
    24: 2338
    25: 1119
    26: 281
    27: 290
    28: 313
    29: 327
    30: 361
    31: 386
    32: 444
    33: 442
    34: 398
    35: 428
    36: 445
    37: 444
    38: 394
    39: 431
    40: 391
    41: 445
    42: 399
    43: 270
    44: 213
    45: 196
    46: 169
    47: 136
    48: 76
    49: 21
    50: 12
    51: 7
    52: 9
    53: 9
    54: 4
    55: 1
    56: 2
    57: 3
    58: 0
    59: 0
    60: 2
    61: 0
    62: 1
    63: 0
    64: 0
    65: 0
    66: 0
    67: 0
    68: 0
    69: 0
    70: 0
    71: 0
    72: 0
    73: 0
    74: 0
    75: 0
    76: 0
    77: 0
    78: 0
    79: 0
    80: 0
    81: 0
    82: 0
    83: 0
    84: 0
    85: 0
    86: 0
    87: 0
    88: 0
    89: 0
    90: 0
    91: 0
    92: 0
    93: 0
    94: 0
    95: 0
    96: 0
    97: 0
    98: 0
    99: 0
  mem-3: # Memory controller stats
   rd: 674764 # Read requests
   wr: 386888 # Write requests
   rdlat: 93870322 # Total latency experienced by read requests
   wrlat: 61013310 # Total latency experienced by write requests
   rdhits: 843 # Read row hits
   wrhits: 825 # Write row hits
   mlh: # latency histogram for memory requests
    0: 0
    1: 0
    2: 0
    3: 0
    4: 0
    5: 0
    6: 0
    7: 0
    8: 0
    9: 0
    10: 0
    11: 151
    12: 173
    13: 553568
    14: 49762
    15: 29029
    16: 14842
    17: 2914
    18: 2368
    19: 2338
    20: 2218
    21: 2149
    22: 1964
    23: 2227
    24: 2250
    25: 1127
    26: 286
    27: 293
    28: 331
    29: 329
    30: 351
    31: 378
    32: 423
    33: 426
    34: 402
    35: 422
    36: 418
    37: 466
    38: 435
    39: 363
    40: 433
    41: 455
    42: 445
    43: 256
    44: 204
    45: 175
    46: 128
    47: 116
    48: 70
    49: 18
    50: 19
    51: 12
    52: 10
    53: 7
    54: 2
    55: 5
    56: 2
    57: 1
    58: 1
    59: 1
    60: 0
    61: 0
    62: 0
    63: 0
    64: 1
    65: 0
    66: 0
    67: 0
    68: 0
    69: 0
    70: 0
    71: 0
    72: 0
    73: 0
    74: 0
    75: 0
    76: 0
    77: 0
    78: 0
    79: 0
    80: 0
    81: 0
    82: 0
    83: 0
    84: 0
    85: 0
    86: 0
    87: 0
    88: 0
    89: 0
    90: 0
    91: 0
    92: 0
    93: 0
    94: 0
    95: 0
    96: 0
    97: 0
    98: 0
    99: 0
 sched: # Scheduler stats
  thCr: 9 # Threads created
  thFn: 9 # Threads finished
  schedEvs: 17 # Schedule events
  waitEvs: 0 # Wait events
  handoffEvs: 0 # Handoff events
  sleepEvs: 0 # Sleep events
  idlePhases: 0 # Phases with no thread active
  idlePeriods: 0 # Periods with no thread active
  occHist: # Occupancy histogram
   0: 0
   1: 4
   2: 0
   3: 0
   4: 0
   5: 0
   6: 0
   7: 1
   8: 9340
  rqSzHist: # Run queue size histogram
   0: 9345
   1: 0
   2: 0
   3: 0
   4: 0
   5: 0
   6: 0
   7: 0
   8: 0
   9: 0
   10: 0
   11: 0
   12: 0
   13: 0
   14: 0
   15: 0
   16: 0
 procCycles: # Per-process unhalted core cycles
  0: 733686967
  1: 0
  2: 0
  3: 0
  4: 0
  5: 0
  6: 0
  7: 0
  8: 0
  9: 0
  10: 0
  11: 0
  12: 0
  13: 0
  14: 0
  15: 0
  16: 0
  17: 0
  18: 0
  19: 0
  20: 0
  21: 0
  22: 0
  23: 0
  24: 0
  25: 0
  26: 0
  27: 0
  28: 0
  29: 0
  30: 0
  31: 0
  32: 0
  33: 0
  34: 0
  35: 0
  36: 0
  37: 0
  38: 0
  39: 0
  40: 0
  41: 0
  42: 0
  43: 0
  44: 0
  45: 0
  46: 0
  47: 0
  48: 0
  49: 0
  50: 0
  51: 0
  52: 0
  53: 0
  54: 0
  55: 0
  56: 0
  57: 0
  58: 0
  59: 0
  60: 0
  61: 0
  62: 0
  63: 0
 procInstrs: # Per-process instructions
  0: 287962508
  1: 0
  2: 0
  3: 0
  4: 0
  5: 0
  6: 0
  7: 0
  8: 0
  9: 0
  10: 0
  11: 0
  12: 0
  13: 0
  14: 0
  15: 0
  16: 0
  17: 0
  18: 0
  19: 0
  20: 0
  21: 0
  22: 0
  23: 0
  24: 0
  25: 0
  26: 0
  27: 0
  28: 0
  29: 0
  30: 0
  31: 0
  32: 0
  33: 0
  34: 0
  35: 0
  36: 0
  37: 0
  38: 0
  39: 0
  40: 0
  41: 0
  42: 0
  43: 0
  44: 0
  45: 0
  46: 0
  47: 0
  48: 0
  49: 0
  50: 0
  51: 0
  52: 0
  53: 0
  54: 0
  55: 0
  56: 0
  57: 0
  58: 0
  59: 0
  60: 0
  61: 0
  62: 0
  63: 0
 heartbeats: # Per-process heartbeats
  0: 0
  1: 0
  2: 0
  3: 0
  4: 0
  5: 0
  6: 0
  7: 0
  8: 0
  9: 0
  10: 0
  11: 0
  12: 0
  13: 0
  14: 0
  15: 0
  16: 0
  17: 0
  18: 0
  19: 0
  20: 0
  21: 0
  22: 0
  23: 0
  24: 0
  25: 0
  26: 0
  27: 0
  28: 0
  29: 0
  30: 0
  31: 0
  32: 0
  33: 0
  34: 0
  35: 0
  36: 0
  37: 0
  38: 0
  39: 0
  40: 0
  41: 0
  42: 0
  43: 0
  44: 0
  45: 0
  46: 0
  47: 0
  48: 0
  49: 0
  50: 0
  51: 0
  52: 0
  53: 0
  54: 0
  55: 0
  56: 0
  57: 0
  58: 0
  59: 0
  60: 0
  61: 0
  62: 0
  63: 0
===
